{
  "stats": {
    "suites": 3,
    "tests": 4,
    "passes": 4,
    "pending": 0,
    "failures": 0,
    "start": "2021-12-10T11:12:09.095Z",
    "end": "2021-12-10T11:12:52.331Z",
    "duration": 25937,
    "testsRegistered": 4,
    "passPercent": 100,
    "pendingPercent": 0,
    "other": 0,
    "hasOther": false,
    "skipped": 0,
    "hasSkipped": false
  },
  "results": [
    {
      "uuid": "e87ea632-4060-4764-9f0e-f71a699223af",
      "title": "",
      "fullFile": "cypress/integration/my-own-tests/02-verifyingPostCreation.spec.js",
      "file": "cypress/integration/my-own-tests/02-verifyingPostCreation.spec.js",
      "beforeHooks": [],
      "afterHooks": [],
      "tests": [],
      "suites": [
        {
          "uuid": "dfc2a61e-994a-4d3e-8d17-e3c33cd4a0d5",
          "title": "Post Creation",
          "fullFile": "",
          "file": "",
          "beforeHooks": [],
          "afterHooks": [],
          "tests": [
            {
              "title": "verify creation of post",
              "fullTitle": "Post Creation verify creation of post",
              "timedOut": null,
              "duration": 9383,
              "state": "passed",
              "speed": "medium",
              "pass": true,
              "fail": false,
              "pending": false,
              "context": null,
              "code": "cy.signinToApplication();\ncy.contains('New Article').click();\ncy.get('[ng-reflect-name=\"title\"]').type('Jenkins Integration');\ncy.get('[ng-reflect-name=\"description\"]').type('Integrate to Jenkins');\ncy.get('[ng-reflect-name=\"body\"]').type('This is just a title');\ncy.get('input[type=\"text\"][placeholder=\"Enter tags\"]').type('jenkins{enter}');\ncy.get('input[type=\"text\"][placeholder=\"Enter tags\"]').type('ci/cd{enter}');\ncy.get('input[type=\"text\"][placeholder=\"Enter tags\"]').type('pipelines{enter}');\ncy.contains('Publish Article').click();\ncy.get('button[class=\"btn btn-sm btn-outline-danger\"]').should('exist');",
              "err": {},
              "uuid": "6cf9bea3-d451-46a9-acbe-aa71c2e10938",
              "parentUUID": "dfc2a61e-994a-4d3e-8d17-e3c33cd4a0d5",
              "isHook": false,
              "skipped": false
            }
          ],
          "suites": [],
          "passes": [
            "6cf9bea3-d451-46a9-acbe-aa71c2e10938"
          ],
          "failures": [],
          "pending": [],
          "skipped": [],
          "duration": 9383,
          "root": false,
          "rootEmpty": false,
          "_timeout": 2000
        }
      ],
      "passes": [],
      "failures": [],
      "pending": [],
      "skipped": [],
      "duration": 0,
      "root": true,
      "rootEmpty": true,
      "_timeout": 2000
    },
    {
      "uuid": "319c9d17-ada4-4ebb-9cc4-ac6c13b4f6a1",
      "title": "",
      "fullFile": "cypress/integration/my-own-tests/03-verifyingPostDeletion.spec.js",
      "file": "cypress/integration/my-own-tests/03-verifyingPostDeletion.spec.js",
      "beforeHooks": [],
      "afterHooks": [],
      "tests": [],
      "suites": [
        {
          "uuid": "d9e966d8-ad5c-405f-8ca3-f62cf4c084b6",
          "title": "Post Deletion",
          "fullFile": "",
          "file": "",
          "beforeHooks": [],
          "afterHooks": [],
          "tests": [
            {
              "title": "verify deletion of post",
              "fullTitle": "Post Deletion verify deletion of post",
              "timedOut": null,
              "duration": 11121,
              "state": "passed",
              "speed": "slow",
              "pass": true,
              "fail": false,
              "pending": false,
              "context": null,
              "code": "cy.signinToApplication();\ncy.contains('Global Feed').click();\ncy.contains('Jenkins Integration').click();\ncy.get('button[class=\"btn btn-sm btn-outline-danger\"]').first().click();\ncy.contains('Your Feed').should('exist');\ncy.logoutToApplication();",
              "err": {},
              "uuid": "f206af78-5b21-4719-b6d4-1df33d3d1749",
              "parentUUID": "d9e966d8-ad5c-405f-8ca3-f62cf4c084b6",
              "isHook": false,
              "skipped": false
            }
          ],
          "suites": [],
          "passes": [
            "f206af78-5b21-4719-b6d4-1df33d3d1749"
          ],
          "failures": [],
          "pending": [],
          "skipped": [],
          "duration": 11121,
          "root": false,
          "rootEmpty": false,
          "_timeout": 2000
        }
      ],
      "passes": [],
      "failures": [],
      "pending": [],
      "skipped": [],
      "duration": 0,
      "root": true,
      "rootEmpty": true,
      "_timeout": 2000
    },
    {
      "uuid": "6d48f587-ffbe-44dc-a13c-50821b3951fc",
      "title": "",
      "fullFile": "cypress/integration/my-own-tests/01-verifyingSignIn.spec.js",
      "file": "cypress/integration/my-own-tests/01-verifyingSignIn.spec.js",
      "beforeHooks": [],
      "afterHooks": [],
      "tests": [],
      "suites": [
        {
          "uuid": "d2f11c1e-8471-496c-9359-7782e21de70a",
          "title": "Basic Test",
          "fullFile": "",
          "file": "",
          "beforeHooks": [],
          "afterHooks": [],
          "tests": [
            {
              "title": "Correct Title",
              "fullTitle": "Basic Test Correct Title",
              "timedOut": null,
              "duration": 1878,
              "state": "passed",
              "speed": "fast",
              "pass": true,
              "fail": false,
              "pending": false,
              "context": null,
              "code": "cy.title().should('eq', 'Conduit');",
              "err": {},
              "uuid": "1974c33e-a8b9-46fc-b5b0-c91db160701c",
              "parentUUID": "d2f11c1e-8471-496c-9359-7782e21de70a",
              "isHook": false,
              "skipped": false
            },
            {
              "title": "Verify Sign In functionality",
              "fullTitle": "Basic Test Verify Sign In functionality",
              "timedOut": null,
              "duration": 3555,
              "state": "passed",
              "speed": "fast",
              "pass": true,
              "fail": false,
              "pending": false,
              "context": null,
              "code": "cy.signinToApplication();\ncy.get('a[routerlink=\"/editor\"]').should('exist');",
              "err": {},
              "uuid": "941795f3-253f-4563-af2e-14126f315849",
              "parentUUID": "d2f11c1e-8471-496c-9359-7782e21de70a",
              "isHook": false,
              "skipped": false
            }
          ],
          "suites": [],
          "passes": [
            "1974c33e-a8b9-46fc-b5b0-c91db160701c",
            "941795f3-253f-4563-af2e-14126f315849"
          ],
          "failures": [],
          "pending": [],
          "skipped": [],
          "duration": 5433,
          "root": false,
          "rootEmpty": false,
          "_timeout": 2000
        }
      ],
      "passes": [],
      "failures": [],
      "pending": [],
      "skipped": [],
      "duration": 0,
      "root": true,
      "rootEmpty": true,
      "_timeout": 2000
    }
  ],
  "meta": {
    "mocha": {
      "version": "7.0.1"
    },
    "mochawesome": {
      "options": {
        "quiet": false,
        "reportFilename": "mochawesome",
        "saveHtml": false,
        "saveJson": true,
        "consoleReporter": "spec",
        "useInlineDiffs": false,
        "code": true
      },
      "version": "7.0.1"
    },
    "marge": {
      "options": {
        "id": "default",
        "reportDir": "cypress/results/mochawesome",
        "overwrite": false,
        "html": false,
        "json": true
      },
      "version": "6.0.1"
    }
  }
}