{
  "stats": {
    "suites": 1,
    "tests": 2,
    "passes": 2,
    "pending": 0,
    "failures": 0,
    "start": "2021-12-13T13:26:01.623Z",
    "end": "2021-12-13T13:26:07.094Z",
    "duration": 5471,
    "testsRegistered": 2,
    "passPercent": 100,
    "pendingPercent": 0,
    "other": 0,
    "hasOther": false,
    "skipped": 0,
    "hasSkipped": false
  },
  "results": [
    {
      "uuid": "131af87a-d53b-4ecd-a403-dc690694c3a7",
      "title": "",
      "fullFile": "cypress/integration/my-own-tests/01-verifyingSignIn.spec.js",
      "file": "cypress/integration/my-own-tests/01-verifyingSignIn.spec.js",
      "beforeHooks": [],
      "afterHooks": [],
      "tests": [],
      "suites": [
        {
          "uuid": "bd012aaa-7e96-4dba-9386-c6038b820160",
          "title": "Basic Test",
          "fullFile": "",
          "file": "",
          "beforeHooks": [],
          "afterHooks": [],
          "tests": [
            {
              "title": "Correct Title",
              "fullTitle": "Basic Test Correct Title",
              "timedOut": null,
              "duration": 1780,
              "state": "passed",
              "speed": "fast",
              "pass": true,
              "fail": false,
              "pending": false,
              "context": null,
              "code": "cy.title().should('eq', 'Conduit');",
              "err": {},
              "uuid": "a9de1790-4aa8-4754-ad08-9f78904a79a3",
              "parentUUID": "bd012aaa-7e96-4dba-9386-c6038b820160",
              "isHook": false,
              "skipped": false
            },
            {
              "title": "Verify Sign In functionality",
              "fullTitle": "Basic Test Verify Sign In functionality",
              "timedOut": null,
              "duration": 3608,
              "state": "passed",
              "speed": "fast",
              "pass": true,
              "fail": false,
              "pending": false,
              "context": null,
              "code": "cy.signinToApplication();\ncy.get('a[routerlink=\"/editor\"]').should('exist');",
              "err": {},
              "uuid": "463e06e4-7ba9-499e-b2e0-3aab7f9b7675",
              "parentUUID": "bd012aaa-7e96-4dba-9386-c6038b820160",
              "isHook": false,
              "skipped": false
            }
          ],
          "suites": [],
          "passes": [
            "a9de1790-4aa8-4754-ad08-9f78904a79a3",
            "463e06e4-7ba9-499e-b2e0-3aab7f9b7675"
          ],
          "failures": [],
          "pending": [],
          "skipped": [],
          "duration": 5388,
          "root": false,
          "rootEmpty": false,
          "_timeout": 2000
        }
      ],
      "passes": [],
      "failures": [],
      "pending": [],
      "skipped": [],
      "duration": 0,
      "root": true,
      "rootEmpty": true,
      "_timeout": 2000
    }
  ],
  "meta": {
    "mocha": {
      "version": "7.0.1"
    },
    "mochawesome": {
      "options": {
        "quiet": false,
        "reportFilename": "mochawesome",
        "saveHtml": false,
        "saveJson": true,
        "consoleReporter": "spec",
        "useInlineDiffs": false,
        "code": true
      },
      "version": "7.0.1"
    },
    "marge": {
      "options": {
        "id": "default",
        "reportDir": "cypress/results/mochawesome",
        "overwrite": false,
        "html": false,
        "json": true
      },
      "version": "6.0.1"
    }
  }
}