{
  "stats": {
    "suites": 1,
    "tests": 1,
    "passes": 1,
    "pending": 0,
    "failures": 0,
    "start": "2021-12-10T11:12:23.772Z",
    "end": "2021-12-10T11:12:33.263Z",
    "duration": 9491,
    "testsRegistered": 1,
    "passPercent": 100,
    "pendingPercent": 0,
    "other": 0,
    "hasOther": false,
    "skipped": 0,
    "hasSkipped": false
  },
  "results": [
    {
      "uuid": "e87ea632-4060-4764-9f0e-f71a699223af",
      "title": "",
      "fullFile": "cypress/integration/my-own-tests/02-verifyingPostCreation.spec.js",
      "file": "cypress/integration/my-own-tests/02-verifyingPostCreation.spec.js",
      "beforeHooks": [],
      "afterHooks": [],
      "tests": [],
      "suites": [
        {
          "uuid": "dfc2a61e-994a-4d3e-8d17-e3c33cd4a0d5",
          "title": "Post Creation",
          "fullFile": "",
          "file": "",
          "beforeHooks": [],
          "afterHooks": [],
          "tests": [
            {
              "title": "verify creation of post",
              "fullTitle": "Post Creation verify creation of post",
              "timedOut": null,
              "duration": 9383,
              "state": "passed",
              "speed": "medium",
              "pass": true,
              "fail": false,
              "pending": false,
              "context": null,
              "code": "cy.signinToApplication();\ncy.contains('New Article').click();\ncy.get('[ng-reflect-name=\"title\"]').type('Jenkins Integration');\ncy.get('[ng-reflect-name=\"description\"]').type('Integrate to Jenkins');\ncy.get('[ng-reflect-name=\"body\"]').type('This is just a title');\ncy.get('input[type=\"text\"][placeholder=\"Enter tags\"]').type('jenkins{enter}');\ncy.get('input[type=\"text\"][placeholder=\"Enter tags\"]').type('ci/cd{enter}');\ncy.get('input[type=\"text\"][placeholder=\"Enter tags\"]').type('pipelines{enter}');\ncy.contains('Publish Article').click();\ncy.get('button[class=\"btn btn-sm btn-outline-danger\"]').should('exist');",
              "err": {},
              "uuid": "6cf9bea3-d451-46a9-acbe-aa71c2e10938",
              "parentUUID": "dfc2a61e-994a-4d3e-8d17-e3c33cd4a0d5",
              "isHook": false,
              "skipped": false
            }
          ],
          "suites": [],
          "passes": [
            "6cf9bea3-d451-46a9-acbe-aa71c2e10938"
          ],
          "failures": [],
          "pending": [],
          "skipped": [],
          "duration": 9383,
          "root": false,
          "rootEmpty": false,
          "_timeout": 2000
        }
      ],
      "passes": [],
      "failures": [],
      "pending": [],
      "skipped": [],
      "duration": 0,
      "root": true,
      "rootEmpty": true,
      "_timeout": 2000
    }
  ],
  "meta": {
    "mocha": {
      "version": "7.0.1"
    },
    "mochawesome": {
      "options": {
        "quiet": false,
        "reportFilename": "mochawesome",
        "saveHtml": false,
        "saveJson": true,
        "consoleReporter": "spec",
        "useInlineDiffs": false,
        "code": true
      },
      "version": "7.0.1"
    },
    "marge": {
      "options": {
        "id": "default",
        "reportDir": "cypress/results/mochawesome",
        "overwrite": false,
        "html": false,
        "json": true
      },
      "version": "6.0.1"
    }
  }
}