{
  "stats": {
    "suites": 1,
    "tests": 1,
    "passes": 1,
    "pending": 0,
    "failures": 0,
    "start": "2021-12-10T11:12:41.126Z",
    "end": "2021-12-10T11:12:52.331Z",
    "duration": 11205,
    "testsRegistered": 1,
    "passPercent": 100,
    "pendingPercent": 0,
    "other": 0,
    "hasOther": false,
    "skipped": 0,
    "hasSkipped": false
  },
  "results": [
    {
      "uuid": "319c9d17-ada4-4ebb-9cc4-ac6c13b4f6a1",
      "title": "",
      "fullFile": "cypress/integration/my-own-tests/03-verifyingPostDeletion.spec.js",
      "file": "cypress/integration/my-own-tests/03-verifyingPostDeletion.spec.js",
      "beforeHooks": [],
      "afterHooks": [],
      "tests": [],
      "suites": [
        {
          "uuid": "d9e966d8-ad5c-405f-8ca3-f62cf4c084b6",
          "title": "Post Deletion",
          "fullFile": "",
          "file": "",
          "beforeHooks": [],
          "afterHooks": [],
          "tests": [
            {
              "title": "verify deletion of post",
              "fullTitle": "Post Deletion verify deletion of post",
              "timedOut": null,
              "duration": 11121,
              "state": "passed",
              "speed": "slow",
              "pass": true,
              "fail": false,
              "pending": false,
              "context": null,
              "code": "cy.signinToApplication();\ncy.contains('Global Feed').click();\ncy.contains('Jenkins Integration').click();\ncy.get('button[class=\"btn btn-sm btn-outline-danger\"]').first().click();\ncy.contains('Your Feed').should('exist');\ncy.logoutToApplication();",
              "err": {},
              "uuid": "f206af78-5b21-4719-b6d4-1df33d3d1749",
              "parentUUID": "d9e966d8-ad5c-405f-8ca3-f62cf4c084b6",
              "isHook": false,
              "skipped": false
            }
          ],
          "suites": [],
          "passes": [
            "f206af78-5b21-4719-b6d4-1df33d3d1749"
          ],
          "failures": [],
          "pending": [],
          "skipped": [],
          "duration": 11121,
          "root": false,
          "rootEmpty": false,
          "_timeout": 2000
        }
      ],
      "passes": [],
      "failures": [],
      "pending": [],
      "skipped": [],
      "duration": 0,
      "root": true,
      "rootEmpty": true,
      "_timeout": 2000
    }
  ],
  "meta": {
    "mocha": {
      "version": "7.0.1"
    },
    "mochawesome": {
      "options": {
        "quiet": false,
        "reportFilename": "mochawesome",
        "saveHtml": false,
        "saveJson": true,
        "consoleReporter": "spec",
        "useInlineDiffs": false,
        "code": true
      },
      "version": "7.0.1"
    },
    "marge": {
      "options": {
        "id": "default",
        "reportDir": "cypress/results/mochawesome",
        "overwrite": false,
        "html": false,
        "json": true
      },
      "version": "6.0.1"
    }
  }
}