{
  "stats": {
    "suites": 1,
    "tests": 2,
    "passes": 2,
    "pending": 0,
    "failures": 0,
    "start": "2021-12-13T13:26:21.191Z",
    "end": "2021-12-13T13:26:41.503Z",
    "duration": 20312,
    "testsRegistered": 2,
    "passPercent": 100,
    "pendingPercent": 0,
    "other": 0,
    "hasOther": false,
    "skipped": 0,
    "hasSkipped": false
  },
  "results": [
    {
      "uuid": "651936c9-1b72-4220-b756-0c8f8a4cca42",
      "title": "",
      "fullFile": "cypress/integration/my-own-tests/02-verifyingPosting.spec.js",
      "file": "cypress/integration/my-own-tests/02-verifyingPosting.spec.js",
      "beforeHooks": [],
      "afterHooks": [],
      "tests": [],
      "suites": [
        {
          "uuid": "b35a56dd-0bd6-4451-b56c-f648d197adbf",
          "title": "Post Creation & Deletion",
          "fullFile": "",
          "file": "",
          "beforeHooks": [],
          "afterHooks": [],
          "tests": [
            {
              "title": "verify creation of post",
              "fullTitle": "Post Creation & Deletion verify creation of post",
              "timedOut": null,
              "duration": 10119,
              "state": "passed",
              "speed": "slow",
              "pass": true,
              "fail": false,
              "pending": false,
              "context": null,
              "code": "cy.signinToApplication();\ncy.contains('New Article').click();\ncy.get('[ng-reflect-name=\"title\"]').type('Jenkins Integration');\ncy.get('[ng-reflect-name=\"description\"]').type('Integrate to Jenkins');\ncy.get('[ng-reflect-name=\"body\"]').type('This is just a title');\ncy.get('input[type=\"text\"][placeholder=\"Enter tags\"]').type('jenkins{enter}');\ncy.get('input[type=\"text\"][placeholder=\"Enter tags\"]').type('ci/cd{enter}');\ncy.get('input[type=\"text\"][placeholder=\"Enter tags\"]').type('pipelines{enter}');\ncy.contains('Publish Article').click();\ncy.get('button[class=\"btn btn-sm btn-outline-danger\"]').should('exist');",
              "err": {},
              "uuid": "54d0272a-687a-4898-ad6f-aed81693a7c0",
              "parentUUID": "b35a56dd-0bd6-4451-b56c-f648d197adbf",
              "isHook": false,
              "skipped": false
            },
            {
              "title": "verify deletion of post",
              "fullTitle": "Post Creation & Deletion verify deletion of post",
              "timedOut": null,
              "duration": 10054,
              "state": "passed",
              "speed": "slow",
              "pass": true,
              "fail": false,
              "pending": false,
              "context": null,
              "code": "cy.signinToApplication();\ncy.contains('Global Feed').click();\ncy.contains('Jenkins Integration').click();\ncy.get('button[class=\"btn btn-sm btn-outline-danger\"]').first().click();\ncy.contains('Your Feed').should('exist');\ncy.logoutToApplication();",
              "err": {},
              "uuid": "82f80547-e15d-449c-84bf-96db0f4fe8a7",
              "parentUUID": "b35a56dd-0bd6-4451-b56c-f648d197adbf",
              "isHook": false,
              "skipped": false
            }
          ],
          "suites": [],
          "passes": [
            "54d0272a-687a-4898-ad6f-aed81693a7c0",
            "82f80547-e15d-449c-84bf-96db0f4fe8a7"
          ],
          "failures": [],
          "pending": [],
          "skipped": [],
          "duration": 20173,
          "root": false,
          "rootEmpty": false,
          "_timeout": 2000
        }
      ],
      "passes": [],
      "failures": [],
      "pending": [],
      "skipped": [],
      "duration": 0,
      "root": true,
      "rootEmpty": true,
      "_timeout": 2000
    }
  ],
  "meta": {
    "mocha": {
      "version": "7.0.1"
    },
    "mochawesome": {
      "options": {
        "quiet": false,
        "reportFilename": "mochawesome",
        "saveHtml": false,
        "saveJson": true,
        "consoleReporter": "spec",
        "useInlineDiffs": false,
        "code": true
      },
      "version": "7.0.1"
    },
    "marge": {
      "options": {
        "id": "default",
        "reportDir": "cypress/results/mochawesome",
        "overwrite": false,
        "html": false,
        "json": true
      },
      "version": "6.0.1"
    }
  }
}