{
  "stats": {
    "suites": 1,
    "tests": 2,
    "passes": 2,
    "pending": 0,
    "failures": 0,
    "start": "2021-12-13T15:01:16.477Z",
    "end": "2021-12-13T15:01:37.036Z",
    "duration": 20559,
    "testsRegistered": 2,
    "passPercent": 100,
    "pendingPercent": 0,
    "other": 0,
    "hasOther": false,
    "skipped": 0,
    "hasSkipped": false
  },
  "results": [
    {
      "uuid": "b85f1d5a-13b9-469a-a45d-407500ec2ff0",
      "title": "",
      "fullFile": "cypress/integration/my-own-tests/02-verifyingPosting.spec.js",
      "file": "cypress/integration/my-own-tests/02-verifyingPosting.spec.js",
      "beforeHooks": [],
      "afterHooks": [],
      "tests": [],
      "suites": [
        {
          "uuid": "29593a2e-e326-47c4-9016-94c4a481d047",
          "title": "Post Creation & Deletion",
          "fullFile": "",
          "file": "",
          "beforeHooks": [],
          "afterHooks": [],
          "tests": [
            {
              "title": "verify creation of post",
              "fullTitle": "Post Creation & Deletion verify creation of post",
              "timedOut": null,
              "duration": 10759,
              "state": "passed",
              "speed": "slow",
              "pass": true,
              "fail": false,
              "pending": false,
              "context": null,
              "code": "cy.signinToApplication();\ncy.contains('New Article').click();\ncy.get('[ng-reflect-name=\"title\"]').type('Jenkins Integration');\ncy.get('[ng-reflect-name=\"description\"]').type('Integrate to Jenkins');\ncy.get('[ng-reflect-name=\"body\"]').type('This is just a title');\ncy.get('input[type=\"text\"][placeholder=\"Enter tags\"]').type('jenkins{enter}');\ncy.get('input[type=\"text\"][placeholder=\"Enter tags\"]').type('ci/cd{enter}');\ncy.get('input[type=\"text\"][placeholder=\"Enter tags\"]').type('pipelines{enter}');\ncy.contains('Publish Article').click();\ncy.get('button[class=\"btn btn-sm btn-outline-danger\"]').should('exist');",
              "err": {},
              "uuid": "515582e6-fd36-4308-b8c9-bec52a978175",
              "parentUUID": "29593a2e-e326-47c4-9016-94c4a481d047",
              "isHook": false,
              "skipped": false
            },
            {
              "title": "verify deletion of post",
              "fullTitle": "Post Creation & Deletion verify deletion of post",
              "timedOut": null,
              "duration": 9708,
              "state": "passed",
              "speed": "medium",
              "pass": true,
              "fail": false,
              "pending": false,
              "context": null,
              "code": "cy.signinToApplication();\ncy.contains('Global Feed').click();\ncy.contains('Jenkins Integration').click();\ncy.get('button[class=\"btn btn-sm btn-outline-danger\"]').first().click();\ncy.contains('Your Feed').should('exist');\ncy.logoutToApplication();",
              "err": {},
              "uuid": "2c43b61f-f356-4778-8f07-5fe21fbecd0c",
              "parentUUID": "29593a2e-e326-47c4-9016-94c4a481d047",
              "isHook": false,
              "skipped": false
            }
          ],
          "suites": [],
          "passes": [
            "515582e6-fd36-4308-b8c9-bec52a978175",
            "2c43b61f-f356-4778-8f07-5fe21fbecd0c"
          ],
          "failures": [],
          "pending": [],
          "skipped": [],
          "duration": 20467,
          "root": false,
          "rootEmpty": false,
          "_timeout": 2000
        }
      ],
      "passes": [],
      "failures": [],
      "pending": [],
      "skipped": [],
      "duration": 0,
      "root": true,
      "rootEmpty": true,
      "_timeout": 2000
    }
  ],
  "meta": {
    "mocha": {
      "version": "7.0.1"
    },
    "mochawesome": {
      "options": {
        "quiet": false,
        "reportFilename": "mochawesome",
        "saveHtml": false,
        "saveJson": true,
        "consoleReporter": "spec",
        "useInlineDiffs": false,
        "code": true
      },
      "version": "7.0.1"
    },
    "marge": {
      "options": {
        "id": "default",
        "reportDir": "cypress/results/mochawesome",
        "overwrite": false,
        "html": false,
        "json": true
      },
      "version": "6.0.1"
    }
  }
}