<?xml version="1.0" encoding="UTF-8"?>
<testsuites name="Mocha Tests" time="5.5480" tests="2" failures="0">
  <testsuite name="Root Suite" timestamp="2021-12-10T11:12:09" tests="0" file="cypress/integration/my-own-tests/01-verifyingSignIn.spec.js" time="0.0000" failures="0">
  </testsuite>
  <testsuite name="Basic Test" timestamp="2021-12-10T11:12:09" tests="2" time="5.5200" failures="0">
    <testcase name="Basic Test Correct Title" time="1.8780" classname="Correct Title">
    </testcase>
    <testcase name="Basic Test Verify Sign In functionality" time="3.5550" classname="Verify Sign In functionality">
    </testcase>
  </testsuite>
</testsuites>