<?xml version="1.0" encoding="UTF-8"?>
<testsuites name="Mocha Tests" time="9.4910" tests="1" failures="0">
  <testsuite name="Root Suite" timestamp="2021-12-10T11:12:23" tests="0" file="cypress/integration/my-own-tests/02-verifyingPostCreation.spec.js" time="0.0000" failures="0">
  </testsuite>
  <testsuite name="Post Creation" timestamp="2021-12-10T11:12:23" tests="1" time="9.4650" failures="0">
    <testcase name="Post Creation verify creation of post" time="9.3830" classname="verify creation of post">
    </testcase>
  </testsuite>
</testsuites>