<?xml version="1.0"?>
<testsuites>
<testsuite name="Root Suite" timestamp="2021-12-13T13:26:01" tests="0" file="cypress/integration/my-own-tests/01-verifyingSignIn.spec.js" time="0.0000" failures="0"></testsuite>
<testsuite name="Basic Test" timestamp="2021-12-13T13:26:01" tests="2" time="5.4530" failures="0">
  
  <testcase name="Basic Test Correct Title" time="1.7800" classname="Correct Title"></testcase>
  
  <testcase name="Basic Test Verify Sign In functionality" time="3.6080" classname="Verify Sign In functionality"></testcase>
  
</testsuite>

<testsuite name="Root Suite" timestamp="2021-12-13T13:26:21" tests="0" file="cypress/integration/my-own-tests/02-verifyingPosting.spec.js" time="0.0000" failures="0"></testsuite>
<testsuite name="Post Creation &amp; Deletion" timestamp="2021-12-13T13:26:21" tests="2" time="20.2820" failures="0">
  
  <testcase name="Post Creation &amp; Deletion verify creation of post" time="10.1190" classname="verify creation of post"></testcase>
  
  <testcase name="Post Creation &amp; Deletion verify deletion of post" time="10.0540" classname="verify deletion of post"></testcase>
  
</testsuite>

</testsuites>