<?xml version="1.0" encoding="UTF-8"?>
<testsuites name="Mocha Tests" time="3.4020" tests="1" failures="0">
  <testsuite name="Root Suite" timestamp="2021-12-09T05:10:26" tests="0" file="cypress/integration/my-own-tests/expedia.spec.js" time="0.0000" failures="0">
  </testsuite>
  <testsuite name="Basic Test" timestamp="2021-12-09T05:10:27" tests="1" time="3.3650" failures="0">
    <testcase name="Basic Test Correct Title" time="3.3280" classname="Correct Title">
    </testcase>
  </testsuite>
</testsuites>