<?xml version="1.0"?>
<testsuites>
<testsuite name="Root Suite" timestamp="2021-12-10T11:12:23" tests="0" file="cypress/integration/my-own-tests/02-verifyingPostCreation.spec.js" time="0.0000" failures="0"></testsuite>
<testsuite name="Post Creation" timestamp="2021-12-10T11:12:23" tests="1" time="9.4650" failures="0">
  
  <testcase name="Post Creation verify creation of post" time="9.3830" classname="verify creation of post"></testcase>
  
</testsuite>

<testsuite name="Root Suite" timestamp="2021-12-10T11:12:09" tests="0" file="cypress/integration/my-own-tests/01-verifyingSignIn.spec.js" time="0.0000" failures="0"></testsuite>
<testsuite name="Basic Test" timestamp="2021-12-10T11:12:09" tests="2" time="5.5200" failures="0">
  
  <testcase name="Basic Test Correct Title" time="1.8780" classname="Correct Title"></testcase>
  
  <testcase name="Basic Test Verify Sign In functionality" time="3.5550" classname="Verify Sign In functionality"></testcase>
  
</testsuite>

<testsuite name="Root Suite" timestamp="2021-12-10T11:12:41" tests="0" file="cypress/integration/my-own-tests/03-verifyingPostDeletion.spec.js" time="0.0000" failures="0"></testsuite>
<testsuite name="Post Deletion" timestamp="2021-12-10T11:12:41" tests="1" time="11.1810" failures="0">
  
  <testcase name="Post Deletion verify deletion of post" time="11.1210" classname="verify deletion of post"></testcase>
  
</testsuite>

</testsuites>